DEBUG:root:Running script
DEBUG:root:Running script
DEBUG:root:Application started..
DEBUG:root:Application started..
DEBUG:root:Application started..
DEBUG:root:Application started..
DEBUG:root:Application started..
DEBUG:root:Application started..
DEBUG:root:Application started..
DEBUG:root:Application started..
DEBUG:root:Application started..
DEBUG:root:Application started..
DEBUG:root:Application started..
DEBUG:root:Application started..
DEBUG:root:User is admin
DEBUG:root:Application started..
DEBUG:root:User is admin
DEBUG:root:User is non admin. User roles are ['developer']
DEBUG:root:User is non admin. User roles are ['developer']
DEBUG:root:Application started..
DEBUG:root:User is admin
DEBUG:root:User is non admin. User roles are ['tester']
DEBUG:root:User is admin
DEBUG:root:Application started..
DEBUG:root:User is admin
DEBUG:root:Application started..
DEBUG:root:User is admin
DEBUG:root:Application started..
DEBUG:root:User is admin
DEBUG:root:Selected function - list_all_vms
DEBUG:root:Application started..
DEBUG:root:Application started..
DEBUG:root:User is non admin. User roles are ['developer']
DEBUG:root:Selected function - checkout_vm
DEBUG:root:Application started..
DEBUG:root:User is admin
DEBUG:root:Selected function - exitFucntion
DEBUG:root:Application started..
DEBUG:root:User is admin
DEBUG:root:Selected function - exitFunction
DEBUG:root:Application started..
DEBUG:root:User is non admin. User roles are ['developer']
DEBUG:root:User is admin
DEBUG:root:Selected function - exitFunction
DEBUG:root:Application started..
DEBUG:root:User is admin
DEBUG:root:Selected function - list_all_vms
DEBUG:root:Application started..
DEBUG:root:User is admin
DEBUG:root:Selected function - vmu.list_all_vms
DEBUG:root:Application started..
DEBUG:root:User is admin
DEBUG:root:Selected function - vmu.list_all_vms
DEBUG:root:Application started..
DEBUG:root:User is admin
DEBUG:root:Selected function - vmu.list_all_vms
DEBUG:root:Application started..
DEBUG:root:User is admin
DEBUG:root:Selected function - vmu.list_all_vms
DEBUG:root:User is non admin. User roles are ['developer']
DEBUG:root:Selected function - vmu.checkout_vm
DEBUG:root:Application started..
DEBUG:root:User is admin
DEBUG:root:Selected function - vmu.list_all_vms
DEBUG:root:Application started..
DEBUG:root:User is admin
DEBUG:root:Selected function - exitFunction
DEBUG:root:Application started..
DEBUG:root:User is admin
DEBUG:root:Selected function - vmu.list_all_vms
DEBUG:root:Application started..
DEBUG:root:User is admin
DEBUG:root:Selected function - vmu.checkout_vm
DEBUG:root:Application started..
DEBUG:root:User is non admin. User roles are ['developer']
DEBUG:root:Selected function - exitFunction
DEBUG:root:Application started..
DEBUG:root:User is admin
DEBUG:root:Selected function - vmu.list_all_vms
DEBUG:root:Application started..
DEBUG:root:User is admin
DEBUG:root:Selected function - vmu.list_all_vms
DEBUG:root:Application started..
DEBUG:root:Application started..
DEBUG:root:User is admin
DEBUG:root:Selected function - vmu.list_all_vms
DEBUG:root:list_all_vms
DEBUG:root:Application started..
DEBUG:root:User is admin
DEBUG:root:Selected function - vmu.list_all_vms
DEBUG:root:Inside function - (<module 'vmutils' from '/Users/vivekshinde/Learning/Python/platform9-assignment/project/vmutils.py'>) list_all_vms
DEBUG:root:Application started..
DEBUG:root:User is admin
DEBUG:root:Selected function - exitFunction
DEBUG:root:Application started..
DEBUG:root:User is admin
DEBUG:root:Selected function - vmu.checkin_vm
DEBUG:root:Inside function - (<module 'vmutils' from '/Users/vivekshinde/Learning/Python/platform9-assignment/project/vmutils.py'>) vm_cleanup
DEBUG:root:An error occured
DEBUG:root:Inside function - (<module 'vmutils' from '/Users/vivekshinde/Learning/Python/platform9-assignment/project/vmutils.py'>) checkin_vm
DEBUG:root:Application started..
DEBUG:root:User is admin
DEBUG:root:Selected function - vmu.checkin_vm
DEBUG:root:Inside function - (<module 'vmutils' from '/Users/vivekshinde/Learning/Python/platform9-assignment/project/vmutils.py'>) vm_cleanup
DEBUG:root:An error occured
DEBUG:root:name 'server' is not defined
DEBUG:root:Inside function - (<module 'vmutils' from '/Users/vivekshinde/Learning/Python/platform9-assignment/project/vmutils.py'>) checkin_vm
DEBUG:root:Application started..
DEBUG:root:User is admin
DEBUG:root:Selected function - vmu.checkin_vm
DEBUG:root:Inside function - (<module 'vmutils' from '/Users/vivekshinde/Learning/Python/platform9-assignment/project/vmutils.py'>) vm_cleanup
DEBUG:root:An error occured
DEBUG:root:[Errno None] Unable to connect to port 22 on 127.0.0.1
DEBUG:root:Inside function - (<module 'vmutils' from '/Users/vivekshinde/Learning/Python/platform9-assignment/project/vmutils.py'>) checkin_vm
DEBUG:root:Application started..
DEBUG:root:User is admin
DEBUG:root:Selected function - vmu.checkin_vm
DEBUG:root:Inside function - (<module 'vmutils' from '/Users/vivekshinde/Learning/Python/platform9-assignment/project/vmutils.py'>) vm_cleanup
DEBUG:paramiko.transport:starting thread (client mode): 0x15c2220
DEBUG:paramiko.transport:Local version/idstring: SSH-2.0-paramiko_2.7.2
DEBUG:paramiko.transport:Remote version/idstring: SSH-2.0-OpenSSH_8.1
INFO:paramiko.transport:Connected (version 2.0, client OpenSSH_8.1)
DEBUG:paramiko.transport:kex algos:['curve25519-sha256', 'curve25519-sha256@libssh.org', 'ecdh-sha2-nistp256', 'ecdh-sha2-nistp384', 'ecdh-sha2-nistp521', 'diffie-hellman-group-exchange-sha256', 'diffie-hellman-group16-sha512', 'diffie-hellman-group18-sha512', 'diffie-hellman-group14-sha256', 'diffie-hellman-group14-sha1'] server key:['rsa-sha2-512', 'rsa-sha2-256', 'ssh-rsa', 'ecdsa-sha2-nistp256', 'ssh-ed25519'] client encrypt:['chacha20-poly1305@openssh.com', 'aes128-ctr', 'aes192-ctr', 'aes256-ctr', 'aes128-gcm@openssh.com', 'aes256-gcm@openssh.com'] server encrypt:['chacha20-poly1305@openssh.com', 'aes128-ctr', 'aes192-ctr', 'aes256-ctr', 'aes128-gcm@openssh.com', 'aes256-gcm@openssh.com'] client mac:['umac-64-etm@openssh.com', 'umac-128-etm@openssh.com', 'hmac-sha2-256-etm@openssh.com', 'hmac-sha2-512-etm@openssh.com', 'hmac-sha1-etm@openssh.com', 'umac-64@openssh.com', 'umac-128@openssh.com', 'hmac-sha2-256', 'hmac-sha2-512', 'hmac-sha1'] server mac:['umac-64-etm@openssh.com', 'umac-128-etm@openssh.com', 'hmac-sha2-256-etm@openssh.com', 'hmac-sha2-512-etm@openssh.com', 'hmac-sha1-etm@openssh.com', 'umac-64@openssh.com', 'umac-128@openssh.com', 'hmac-sha2-256', 'hmac-sha2-512', 'hmac-sha1'] client compress:['none', 'zlib@openssh.com'] server compress:['none', 'zlib@openssh.com'] client lang:[''] server lang:[''] kex follows?False
DEBUG:paramiko.transport:Kex agreed: curve25519-sha256@libssh.org
DEBUG:paramiko.transport:HostKey agreed: ssh-ed25519
DEBUG:paramiko.transport:Cipher agreed: aes128-ctr
DEBUG:paramiko.transport:MAC agreed: hmac-sha2-256
DEBUG:paramiko.transport:Compression agreed: none
DEBUG:paramiko.transport:kex engine KexCurve25519 specified hash_algo <built-in function openssl_sha256>
DEBUG:paramiko.transport:Switch to new keys ...
DEBUG:paramiko.transport:Rejecting ssh-ed25519 host key for 127.0.0.1: b'f5136e9b8918fe17fded81a4aeebe9d0'
DEBUG:root:An error occured
DEBUG:root:Server '127.0.0.1' not found in known_hosts
DEBUG:root:Inside function - (<module 'vmutils' from '/Users/vivekshinde/Learning/Python/platform9-assignment/project/vmutils.py'>) checkin_vm
DEBUG:root:Application started..
DEBUG:root:User is admin
DEBUG:root:Selected function - vmu.checkin_vm
DEBUG:root:Inside function - (<module 'vmutils' from '/Users/vivekshinde/Learning/Python/platform9-assignment/project/vmutils.py'>) vm_cleanup
DEBUG:paramiko.transport:starting thread (client mode): 0x1f26e80
DEBUG:paramiko.transport:Local version/idstring: SSH-2.0-paramiko_2.7.2
DEBUG:paramiko.transport:Remote version/idstring: SSH-2.0-OpenSSH_8.1
INFO:paramiko.transport:Connected (version 2.0, client OpenSSH_8.1)
DEBUG:paramiko.transport:kex algos:['curve25519-sha256', 'curve25519-sha256@libssh.org', 'ecdh-sha2-nistp256', 'ecdh-sha2-nistp384', 'ecdh-sha2-nistp521', 'diffie-hellman-group-exchange-sha256', 'diffie-hellman-group16-sha512', 'diffie-hellman-group18-sha512', 'diffie-hellman-group14-sha256', 'diffie-hellman-group14-sha1'] server key:['rsa-sha2-512', 'rsa-sha2-256', 'ssh-rsa', 'ecdsa-sha2-nistp256', 'ssh-ed25519'] client encrypt:['chacha20-poly1305@openssh.com', 'aes128-ctr', 'aes192-ctr', 'aes256-ctr', 'aes128-gcm@openssh.com', 'aes256-gcm@openssh.com'] server encrypt:['chacha20-poly1305@openssh.com', 'aes128-ctr', 'aes192-ctr', 'aes256-ctr', 'aes128-gcm@openssh.com', 'aes256-gcm@openssh.com'] client mac:['umac-64-etm@openssh.com', 'umac-128-etm@openssh.com', 'hmac-sha2-256-etm@openssh.com', 'hmac-sha2-512-etm@openssh.com', 'hmac-sha1-etm@openssh.com', 'umac-64@openssh.com', 'umac-128@openssh.com', 'hmac-sha2-256', 'hmac-sha2-512', 'hmac-sha1'] server mac:['umac-64-etm@openssh.com', 'umac-128-etm@openssh.com', 'hmac-sha2-256-etm@openssh.com', 'hmac-sha2-512-etm@openssh.com', 'hmac-sha1-etm@openssh.com', 'umac-64@openssh.com', 'umac-128@openssh.com', 'hmac-sha2-256', 'hmac-sha2-512', 'hmac-sha1'] client compress:['none', 'zlib@openssh.com'] server compress:['none', 'zlib@openssh.com'] client lang:[''] server lang:[''] kex follows?False
DEBUG:paramiko.transport:Kex agreed: curve25519-sha256@libssh.org
DEBUG:paramiko.transport:HostKey agreed: ssh-ed25519
DEBUG:paramiko.transport:Cipher agreed: aes128-ctr
DEBUG:paramiko.transport:MAC agreed: hmac-sha2-256
DEBUG:paramiko.transport:Compression agreed: none
DEBUG:paramiko.transport:kex engine KexCurve25519 specified hash_algo <built-in function openssl_sha256>
DEBUG:paramiko.transport:Switch to new keys ...
DEBUG:paramiko.transport:Adding ssh-ed25519 host key for 127.0.0.1: b'f5136e9b8918fe17fded81a4aeebe9d0'
DEBUG:paramiko.transport:Trying discovered key b'68fcf788107d76b9f99531f2effd2e13' in /Users/vivekshinde/.ssh/id_rsa
DEBUG:paramiko.transport:userauth is OK
INFO:paramiko.transport:Authentication (publickey) successful!
DEBUG:root:An error occured
DEBUG:root:name 'cmd_to_execute' is not defined
DEBUG:root:Inside function - (<module 'vmutils' from '/Users/vivekshinde/Learning/Python/platform9-assignment/project/vmutils.py'>) checkin_vm
DEBUG:root:Application started..
DEBUG:root:User is admin
DEBUG:root:Selected function - vmu.checkin_vm
DEBUG:root:Inside function - (<module 'vmutils' from '/Users/vivekshinde/Learning/Python/platform9-assignment/project/vmutils.py'>) vm_cleanup
DEBUG:paramiko.transport:starting thread (client mode): 0x4abee80
DEBUG:paramiko.transport:Local version/idstring: SSH-2.0-paramiko_2.7.2
DEBUG:paramiko.transport:Remote version/idstring: SSH-2.0-OpenSSH_8.1
INFO:paramiko.transport:Connected (version 2.0, client OpenSSH_8.1)
DEBUG:paramiko.transport:kex algos:['curve25519-sha256', 'curve25519-sha256@libssh.org', 'ecdh-sha2-nistp256', 'ecdh-sha2-nistp384', 'ecdh-sha2-nistp521', 'diffie-hellman-group-exchange-sha256', 'diffie-hellman-group16-sha512', 'diffie-hellman-group18-sha512', 'diffie-hellman-group14-sha256', 'diffie-hellman-group14-sha1'] server key:['rsa-sha2-512', 'rsa-sha2-256', 'ssh-rsa', 'ecdsa-sha2-nistp256', 'ssh-ed25519'] client encrypt:['chacha20-poly1305@openssh.com', 'aes128-ctr', 'aes192-ctr', 'aes256-ctr', 'aes128-gcm@openssh.com', 'aes256-gcm@openssh.com'] server encrypt:['chacha20-poly1305@openssh.com', 'aes128-ctr', 'aes192-ctr', 'aes256-ctr', 'aes128-gcm@openssh.com', 'aes256-gcm@openssh.com'] client mac:['umac-64-etm@openssh.com', 'umac-128-etm@openssh.com', 'hmac-sha2-256-etm@openssh.com', 'hmac-sha2-512-etm@openssh.com', 'hmac-sha1-etm@openssh.com', 'umac-64@openssh.com', 'umac-128@openssh.com', 'hmac-sha2-256', 'hmac-sha2-512', 'hmac-sha1'] server mac:['umac-64-etm@openssh.com', 'umac-128-etm@openssh.com', 'hmac-sha2-256-etm@openssh.com', 'hmac-sha2-512-etm@openssh.com', 'hmac-sha1-etm@openssh.com', 'umac-64@openssh.com', 'umac-128@openssh.com', 'hmac-sha2-256', 'hmac-sha2-512', 'hmac-sha1'] client compress:['none', 'zlib@openssh.com'] server compress:['none', 'zlib@openssh.com'] client lang:[''] server lang:[''] kex follows?False
DEBUG:paramiko.transport:Kex agreed: curve25519-sha256@libssh.org
DEBUG:paramiko.transport:HostKey agreed: ssh-ed25519
DEBUG:paramiko.transport:Cipher agreed: aes128-ctr
DEBUG:paramiko.transport:MAC agreed: hmac-sha2-256
DEBUG:paramiko.transport:Compression agreed: none
DEBUG:paramiko.transport:kex engine KexCurve25519 specified hash_algo <built-in function openssl_sha256>
DEBUG:paramiko.transport:Switch to new keys ...
DEBUG:paramiko.transport:Adding ssh-ed25519 host key for 127.0.0.1: b'f5136e9b8918fe17fded81a4aeebe9d0'
DEBUG:paramiko.transport:Trying discovered key b'68fcf788107d76b9f99531f2effd2e13' in /Users/vivekshinde/.ssh/id_rsa
DEBUG:paramiko.transport:userauth is OK
INFO:paramiko.transport:Authentication (publickey) successful!
DEBUG:paramiko.transport:[chan 0] Max packet in: 32768 bytes
DEBUG:paramiko.transport:Received global request "hostkeys-00@openssh.com"
DEBUG:paramiko.transport:Rejecting "hostkeys-00@openssh.com" global request from server.
DEBUG:paramiko.transport:Debug msg: b'/Users/vivekshinde/.ssh/authorized_keys:1: key options: agent-forwarding port-forwarding pty user-rc x11-forwarding'
DEBUG:paramiko.transport:[chan 0] Max packet out: 32768 bytes
DEBUG:paramiko.transport:Secsh channel 0 opened.
DEBUG:paramiko.transport:[chan 0] Sesch channel 0 request ok
DEBUG:paramiko.transport:[chan 0] EOF sent (0)
DEBUG:root:Inside function - (<module 'vmutils' from '/Users/vivekshinde/Learning/Python/platform9-assignment/project/vmutils.py'>) checkin_vm
DEBUG:root:Application started..
DEBUG:root:User is admin
DEBUG:root:Selected function - vmu.list_all_vms
DEBUG:root:Inside function - (<module 'vmutils' from '/Users/vivekshinde/Learning/Python/platform9-assignment/project/vmutils.py'>) list_all_vms
DEBUG:root:Application started..
DEBUG:root:User is admin
DEBUG:root:Selected function - vmu.list_all_vms
DEBUG:root:Inside function - (<module 'vmutils' from '/Users/vivekshinde/Learning/Python/platform9-assignment/project/vmutils.py'>) list_all_vms
DEBUG:root:Application started..
DEBUG:root:Application started..
DEBUG:root:User is admin
DEBUG:root:Selected function - vmu.list_all_vms
DEBUG:root:Inside function - (<module 'vmutils' from '/Users/vivekshinde/Learning/Python/platform9-assignment/project/vmutils.py'>) list_all_vms
DEBUG:root:Application started..
DEBUG:root:User is admin
DEBUG:root:Selected function - vmu.list_vm_by_user
DEBUG:root:Inside function - (<module 'vmutils' from '/Users/vivekshinde/Learning/Python/platform9-assignment/project/vmutils.py'>) list_vm_by_user
DEBUG:root:Application started..
DEBUG:root:User is admin
DEBUG:root:Selected function - vmu.list_vm_by_user
DEBUG:root:Inside function - (<module 'vmutils' from '/Users/vivekshinde/Learning/Python/platform9-assignment/project/vmutils.py'>) list_vm_by_user
DEBUG:root:Application started..
DEBUG:root:User is admin
DEBUG:root:Selected function - vmu.list_vm_by_user
DEBUG:root:Inside function - (<module 'vmutils' from '/Users/vivekshinde/Learning/Python/platform9-assignment/project/vmutils.py'>) list_vm_by_user
DEBUG:root:Application started..
DEBUG:root:User is admin
DEBUG:root:Selected function - vmu.list_all_vms
DEBUG:root:Application started..
DEBUG:root:User is admin
DEBUG:root:Selected function - vmu.list_all_vms
DEBUG:root:Inside function - (<module 'vmutils' from '/Users/vivekshinde/Learning/Python/platform9-assignment/project/vmutils.py'>) list_all_vms
DEBUG:root:Application started..
DEBUG:root:User is admin
DEBUG:root:Selected function - vmu.list_vm_by_user
DEBUG:root:Inside function - (<module 'vmutils' from '/Users/vivekshinde/Learning/Python/platform9-assignment/project/vmutils.py'>) list_vm_by_user
DEBUG:root:Application started..
DEBUG:root:User is admin
DEBUG:root:Selected function - vmu.list_vm_by_user
DEBUG:root:Inside function - (<module 'vmutils' from '/Users/vivekshinde/Learning/Python/platform9-assignment/project/vmutils.py'>) list_vm_by_user
DEBUG:root:Application started..
DEBUG:root:User is admin
DEBUG:root:Selected function - vmu.list_vm_by_user
DEBUG:root:Inside function - (<module 'vmutils' from '/Users/vivekshinde/Learning/Python/platform9-assignment/project/vmutils.py'>) list_vm_by_user
DEBUG:root:userid 8 does not exist in users database
DEBUG:root:Application started..
DEBUG:root:User is admin
DEBUG:root:Selected function - vmu.checkout_vm
DEBUG:root:Application started..
DEBUG:root:User is admin
DEBUG:root:Selected function - vmu.checkout_vm
DEBUG:root:Inside function - (<module 'vmutils' from '/Users/vivekshinde/Learning/Python/platform9-assignment/project/vmutils.py'>) checkout_vm
DEBUG:root:Application started..
DEBUG:root:User is non admin. User roles are ['developer']
DEBUG:root:Selected function - vmu.checkout_vm
DEBUG:root:Inside function - (<module 'vmutils' from '/Users/vivekshinde/Learning/Python/platform9-assignment/project/vmutils.py'>) checkout_vm
DEBUG:root:Application started..
DEBUG:root:User is non admin. User roles are ['developer']
DEBUG:root:Selected function - vmu.checkout_vm
DEBUG:root:Inside function - (<module 'vmutils' from '/Users/vivekshinde/Learning/Python/platform9-assignment/project/vmutils.py'>) checkout_vm
DEBUG:root:Application started..
DEBUG:root:User is admin
DEBUG:root:Application started..
DEBUG:root:Application started..
DEBUG:root:User is admin
DEBUG:root:Selected function - vmu.list_all_vms
DEBUG:root:Inside function - (<module 'vmutils' from '/Users/vivekshinde/Learning/Python/platform9-assignment/project/vmutils.py'>) list_all_vms
DEBUG:root:Application started..
DEBUG:root:User is admin
DEBUG:root:Selected function - vmu.list_vm_by_user
DEBUG:root:Inside function - (<module 'vmutils' from '/Users/vivekshinde/Learning/Python/platform9-assignment/project/vmutils.py'>) list_vm_by_user
DEBUG:root:Application started..
DEBUG:root:User is admin
DEBUG:root:Selected function - vmu.list_vm_by_user
DEBUG:root:Inside function - (<module 'vmutils' from '/Users/vivekshinde/Learning/Python/platform9-assignment/project/vmutils.py'>) list_vm_by_user
DEBUG:root:Application started..
DEBUG:root:User is admin
DEBUG:root:Application started..
DEBUG:root:User is non admin. User roles are ['developer']
DEBUG:root:Selected function - vmu.filter_vm_by_user
DEBUG:root:Inside function - (<module 'vmutils' from '/Users/vivekshinde/Learning/Python/platform9-assignment/project/vmutils.py'>) filter_vm_by_user
DEBUG:root:Application started..
DEBUG:root:User is non admin. User roles are ['developer']
DEBUG:root:Selected function - vmu.checkout_vm
DEBUG:root:Inside function - (<module 'vmutils' from '/Users/vivekshinde/Learning/Python/platform9-assignment/project/vmutils.py'>) checkout_vm
DEBUG:root:Application started..
DEBUG:root:User is non admin. User roles are ['tester']
DEBUG:root:Selected function - vmu.checkout_vm
DEBUG:root:Inside function - (<module 'vmutils' from '/Users/vivekshinde/Learning/Python/platform9-assignment/project/vmutils.py'>) checkout_vm
DEBUG:root:Application started..
DEBUG:root:User is non admin. User roles are ['tester']
DEBUG:root:Selected function - vmu.checkout_vm
DEBUG:root:Inside function - (<module 'vmutils' from '/Users/vivekshinde/Learning/Python/platform9-assignment/project/vmutils.py'>) checkout_vm
DEBUG:root:Application started..
DEBUG:root:User is admin
DEBUG:root:Selected function - vmu.list_all_vms
DEBUG:root:Inside function - (<module 'vmutils' from '/Users/vivekshinde/Learning/Python/platform9-assignment/project/vmutils.py'>) list_all_vms
DEBUG:root:Application started..
DEBUG:root:User is non admin. User roles are ['tester']
DEBUG:root:Selected function - vmu.checkout_vm
DEBUG:root:Inside function - (<module 'vmutils' from '/Users/vivekshinde/Learning/Python/platform9-assignment/project/vmutils.py'>) checkout_vm
DEBUG:root:Application started..
DEBUG:root:User is admin
DEBUG:root:Selected function - vmu.list_all_vms
DEBUG:root:Inside function - (<module 'vmutils' from '/Users/vivekshinde/Learning/Python/platform9-assignment/project/vmutils.py'>) list_all_vms
DEBUG:root:Application started..
DEBUG:root:User is non admin. User roles are ['tester']
DEBUG:root:Selected function - vmu.checkout_vm
DEBUG:root:Inside function - (<module 'vmutils' from '/Users/vivekshinde/Learning/Python/platform9-assignment/project/vmutils.py'>) checkout_vm
DEBUG:root:Application started..
DEBUG:root:User is non admin. User roles are ['tester']
DEBUG:root:Selected function - vmu.checkout_vm
DEBUG:root:Inside function - (<module 'vmutils' from '/Users/vivekshinde/Learning/Python/platform9-assignment/project/vmutils.py'>) checkout_vm
DEBUG:root:Application started..
DEBUG:root:User is admin
DEBUG:root:Selected function - vmu.list_all_vms
DEBUG:root:Inside function - (<module 'vmutils' from '/Users/vivekshinde/Learning/Python/platform9-assignment/project/vmutils.py'>) list_all_vms
DEBUG:root:Application started..
DEBUG:root:User is non admin. User roles are ['tester']
DEBUG:root:Selected function - vmu.checkout_vm
DEBUG:root:Inside function - (<module 'vmutils' from '/Users/vivekshinde/Learning/Python/platform9-assignment/project/vmutils.py'>) checkout_vm
DEBUG:root:Application started..
DEBUG:root:User is non admin. User roles are ['tester']
DEBUG:root:Selected function - vmu.checkout_vm
DEBUG:root:Inside function - (<module 'vmutils' from '/Users/vivekshinde/Learning/Python/platform9-assignment/project/vmutils.py'>) checkout_vm
DEBUG:root:Application started..
DEBUG:root:User is admin
DEBUG:root:Selected function - vmu.list_vm_by_user
DEBUG:root:Inside function - (<module 'vmutils' from '/Users/vivekshinde/Learning/Python/platform9-assignment/project/vmutils.py'>) list_vm_by_user
DEBUG:root:Application started..
DEBUG:root:User is admin
DEBUG:root:Selected function - vmu.list_vm_by_user
DEBUG:root:Inside function - (<module 'vmutils' from '/Users/vivekshinde/Learning/Python/platform9-assignment/project/vmutils.py'>) list_vm_by_user
DEBUG:root:Application started..
DEBUG:root:User is admin
DEBUG:root:Selected function - vmu.list_all_vms
DEBUG:root:Inside function - (<module 'vmutils' from '/Users/vivekshinde/Learning/Python/platform9-assignment/project/vmutils.py'>) list_all_vms
DEBUG:root:Application started..
DEBUG:root:User is non admin. User roles are ['developer']
DEBUG:root:Selected function - vmu.checkout_vm
DEBUG:root:Inside function - (<module 'vmutils' from '/Users/vivekshinde/Learning/Python/platform9-assignment/project/vmutils.py'>) checkout_vm
DEBUG:root:Application started..
DEBUG:root:User is non admin. User roles are ['tester']
DEBUG:root:Selected function - vmu.checkout_vm
DEBUG:root:Inside function - (<module 'vmutils' from '/Users/vivekshinde/Learning/Python/platform9-assignment/project/vmutils.py'>) checkout_vm
DEBUG:root:Application started..
DEBUG:root:Application started..
DEBUG:root:User is non admin. User roles are ['tester']
DEBUG:root:Selected function - vmu.checkout_vm
DEBUG:root:Inside function - (<module 'vmutils' from '/Users/vivekshinde/Learning/Python/platform9-assignment/project/vmutils.py'>) checkout_vm
DEBUG:root:Application started..
DEBUG:root:User is admin
DEBUG:root:Selected function - vmu.checkout_vm
DEBUG:root:Inside function - (<module 'vmutils' from '/Users/vivekshinde/Learning/Python/platform9-assignment/project/vmutils.py'>) checkout_vm
DEBUG:root:Application started..
DEBUG:root:User is non admin. User roles are ['tester']
DEBUG:root:Selected function - vmu.checkout_vm
DEBUG:root:Inside function - (<module 'vmutils' from '/Users/vivekshinde/Learning/Python/platform9-assignment/project/vmutils.py'>) checkout_vm
DEBUG:root:Application started..
DEBUG:root:User is non admin. User roles are ['tester']
DEBUG:root:Selected function - vmu.checkout_vm
DEBUG:root:Inside function - (<module 'vmutils' from '/Users/vivekshinde/Learning/Python/platform9-assignment/project/vmutils.py'>) checkout_vm
DEBUG:root:Application started..
DEBUG:root:User is non admin. User roles are ['tester']
DEBUG:root:Selected function - vmu.checkout_vm
DEBUG:root:Inside function - (<module 'vmutils' from '/Users/vivekshinde/Learning/Python/platform9-assignment/project/vmutils.py'>) checkout_vm
DEBUG:root:Application started..
DEBUG:root:User is non admin. User roles are ['tester']
DEBUG:root:Selected function - vmu.checkout_vm
DEBUG:root:Inside function - (<module 'vmutils' from '/Users/vivekshinde/Learning/Python/platform9-assignment/project/vmutils.py'>) checkout_vm
DEBUG:root:Application started..
DEBUG:root:User is non admin. User roles are ['tester']
DEBUG:root:Selected function - vmu.checkout_vm
DEBUG:root:Inside function - (<module 'vmutils' from '/Users/vivekshinde/Learning/Python/platform9-assignment/project/vmutils.py'>) checkout_vm
DEBUG:root:Application started..
DEBUG:root:User is admin
DEBUG:root:Selected function - vmu.list_all_vms
DEBUG:root:Inside function - (<module 'vmutils' from '/Users/vivekshinde/Learning/Python/platform9-assignment/project/vmutils.py'>) list_all_vms
DEBUG:root:Application started..
DEBUG:root:User is admin
DEBUG:root:Application started..
DEBUG:root:User is admin
DEBUG:root:Selected function - vmu.list_all_vms
DEBUG:root:Inside function - (<module 'vmutils' from '/Users/vivekshinde/Learning/Python/platform9-assignment/project/vmutils.py'>) list_all_vms
DEBUG:root:Application started..
DEBUG:root:User is non admin. User roles are ['tester']
DEBUG:root:Selected function - vmu.checkin_vm
DEBUG:root:Inside function - (<module 'vmutils' from '/Users/vivekshinde/Learning/Python/platform9-assignment/project/vmutils.py'>) checkin_vm
DEBUG:root:Application started..
DEBUG:root:User is non admin. User roles are ['tester']
DEBUG:root:Selected function - vmu.checkin_vm
DEBUG:root:Inside function - (<module 'vmutils' from '/Users/vivekshinde/Learning/Python/platform9-assignment/project/vmutils.py'>) checkin_vm
DEBUG:root:Application started..
DEBUG:root:User is admin
DEBUG:root:Selected function - vmu.list_all_vms
DEBUG:root:Inside function - (<module 'vmutils' from '/Users/vivekshinde/Learning/Python/platform9-assignment/project/vmutils.py'>) list_all_vms
DEBUG:root:Application started..
DEBUG:root:User is admin
DEBUG:root:Selected function - exitFunction
DEBUG:root:Application started..
DEBUG:root:User is admin
DEBUG:root:Selected function - exitFunction
DEBUG:root:Application started..
DEBUG:root:User is admin
DEBUG:root:Selected function - vmu.list_all_vms
DEBUG:root:Inside function - (<module 'vmutils' from '/Users/vivekshinde/Learning/Python/platform9-assignment/project/vmutils.py'>) list_all_vms
DEBUG:root:Application started..
DEBUG:root:User is admin
DEBUG:root:Selected function - vmu.checkout_vm
DEBUG:root:Inside function - (<module 'vmutils' from '/Users/vivekshinde/Learning/Python/platform9-assignment/project/vmutils.py'>) checkout_vm
DEBUG:root:Application started..
DEBUG:root:User is admin
DEBUG:root:Selected function - vmu.checkout_vm
DEBUG:root:Inside function - (<module 'vmutils' from '/Users/vivekshinde/Learning/Python/platform9-assignment/project/vmutils.py'>) checkout_vm
DEBUG:root:Application started..
DEBUG:root:User is admin
DEBUG:root:Selected function - vmu.list_all_vms
DEBUG:root:Inside function - (<module 'vmutils' from '/Users/vivekshinde/Learning/Python/platform9-assignment/project/vmutils.py'>) list_all_vms
